<?xml version="1.0" encoding="UTF-8"?>
<testng-results skipped="0" failed="0" ignored="0" total="1" passed="1">
  <reporter-output>
  </reporter-output>
  <suite name="Default suite" duration-ms="9797" started-at="2024-12-11T16:49:24Z" finished-at="2024-12-11T16:49:34Z">
    <groups>
    </groups>
    <test name="Default test" duration-ms="9797" started-at="2024-12-11T16:49:24Z" finished-at="2024-12-11T16:49:34Z">
      <class name="com.adactin.main.AdactinHotel">
        <test-method status="PASS" signature="launchBrowser()[pri:0, instance:com.adactin.main.AdactinHotel@3632be31]" name="launchBrowser" is-config="true" duration-ms="8151" started-at="2024-12-11T16:49:25Z" finished-at="2024-12-11T16:49:33Z">
          <reporter-output>
          </reporter-output>
        </test-method> <!-- launchBrowser -->
        <test-method status="PASS" signature="loginProcess()[pri:0, instance:com.adactin.main.AdactinHotel@3632be31]" name="loginProcess" duration-ms="1613" started-at="2024-12-11T16:49:33Z" finished-at="2024-12-11T16:49:34Z">
          <reporter-output>
          </reporter-output>
        </test-method> <!-- loginProcess -->
      </class> <!-- com.adactin.main.AdactinHotel -->
    </test> <!-- Default test -->
  </suite> <!-- Default suite -->
</testng-results>
